{"/Users/silas/Desktop/baby care/miniprogram/components/sop-wizard/sop-wizard.js": {"path":"/Users/silas/Desktop/baby care/miniprogram/components/sop-wizard/sop-wizard.js","statementMap":{"0":{"start":{"line":2,"column":0},"end":{"line":58,"column":2}},"1":{"start":{"line":8,"column":8},"end":{"line":13,"column":9}},"2":{"start":{"line":9,"column":10},"end":{"line":12,"column":13}},"3":{"start":{"line":25,"column":18},"end":{"line":25,"column":47}},"4":{"start":{"line":26,"column":20},"end":{"line":26,"column":42}},"5":{"start":{"line":27,"column":6},"end":{"line":27,"column":31}},"6":{"start":{"line":28,"column":6},"end":{"line":28,"column":44}},"7":{"start":{"line":34,"column":6},"end":{"line":34,"column":39}},"8":{"start":{"line":38,"column":20},"end":{"line":38,"column":40}},"9":{"start":{"line":39,"column":6},"end":{"line":43,"column":7}},"10":{"start":{"line":40,"column":8},"end":{"line":40,"column":65}},"11":{"start":{"line":42,"column":8},"end":{"line":42,"column":50}},"12":{"start":{"line":47,"column":6},"end":{"line":51,"column":7}},"13":{"start":{"line":48,"column":8},"end":{"line":48,"column":65}},"14":{"start":{"line":50,"column":8},"end":{"line":50,"column":42}},"15":{"start":{"line":55,"column":6},"end":{"line":55,"column":39}}},"fnMap":{"0":{"name":"(anonymous_0)","decl":{"start":{"line":7,"column":16},"end":{"line":7,"column":17}},"loc":{"start":{"line":7,"column":33},"end":{"line":14,"column":7}},"line":7},"1":{"name":"(anonymous_1)","decl":{"start":{"line":24,"column":4},"end":{"line":24,"column":5}},"loc":{"start":{"line":24,"column":18},"end":{"line":29,"column":5}},"line":24},"2":{"name":"(anonymous_2)","decl":{"start":{"line":31,"column":4},"end":{"line":31,"column":5}},"loc":{"start":{"line":31,"column":15},"end":{"line":35,"column":5}},"line":31},"3":{"name":"(anonymous_3)","decl":{"start":{"line":37,"column":4},"end":{"line":37,"column":5}},"loc":{"start":{"line":37,"column":15},"end":{"line":44,"column":5}},"line":37},"4":{"name":"(anonymous_4)","decl":{"start":{"line":46,"column":4},"end":{"line":46,"column":5}},"loc":{"start":{"line":46,"column":15},"end":{"line":52,"column":5}},"line":46},"5":{"name":"(anonymous_5)","decl":{"start":{"line":54,"column":4},"end":{"line":54,"column":5}},"loc":{"start":{"line":54,"column":16},"end":{"line":56,"column":5}},"line":54}},"branchMap":{"0":{"loc":{"start":{"line":8,"column":8},"end":{"line":13,"column":9}},"type":"if","locations":[{"start":{"line":8,"column":8},"end":{"line":13,"column":9}},{"start":{},"end":{}}],"line":8},"1":{"loc":{"start":{"line":8,"column":12},"end":{"line":8,"column":34}},"type":"binary-expr","locations":[{"start":{"line":8,"column":12},"end":{"line":8,"column":18}},{"start":{"line":8,"column":22},"end":{"line":8,"column":34}}],"line":8},"2":{"loc":{"start":{"line":39,"column":6},"end":{"line":43,"column":7}},"type":"if","locations":[{"start":{"line":39,"column":6},"end":{"line":43,"column":7}},{"start":{"line":41,"column":13},"end":{"line":43,"column":7}}],"line":39},"3":{"loc":{"start":{"line":47,"column":6},"end":{"line":51,"column":7}},"type":"if","locations":[{"start":{"line":47,"column":6},"end":{"line":51,"column":7}},{"start":{"line":49,"column":13},"end":{"line":51,"column":7}}],"line":47}},"s":{"0":0,"1":0,"2":0,"3":0,"4":0,"5":0,"6":0,"7":0,"8":0,"9":0,"10":0,"11":0,"12":0,"13":0,"14":0,"15":0},"f":{"0":0,"1":0,"2":0,"3":0,"4":0,"5":0},"b":{"0":[0,0],"1":[0,0],"2":[0,0],"3":[0,0]}}
,"/Users/silas/Desktop/baby care/miniprogram/pages/index/index.js": {"path":"/Users/silas/Desktop/baby care/miniprogram/pages/index/index.js","statementMap":{"0":{"start":{"line":2,"column":12},"end":{"line":2,"column":20}},"1":{"start":{"line":3,"column":13},"end":{"line":3,"column":43}},"2":{"start":{"line":4,"column":12},"end":{"line":4,"column":41}},"3":{"start":{"line":6,"column":0},"end":{"line":154,"column":2}},"4":{"start":{"line":20,"column":20},"end":{"line":20,"column":42}},"5":{"start":{"line":21,"column":4},"end":{"line":24,"column":7}},"6":{"start":{"line":25,"column":4},"end":{"line":25,"column":28}},"7":{"start":{"line":29,"column":16},"end":{"line":29,"column":58}},"8":{"start":{"line":30,"column":4},"end":{"line":30,"column":34}},"9":{"start":{"line":34,"column":4},"end":{"line":34,"column":49}},"10":{"start":{"line":38,"column":17},"end":{"line":38,"column":45}},"11":{"start":{"line":39,"column":4},"end":{"line":39,"column":39}},"12":{"start":{"line":40,"column":4},"end":{"line":40,"column":23}},"13":{"start":{"line":44,"column":17},"end":{"line":44,"column":45}},"14":{"start":{"line":45,"column":20},"end":{"line":50,"column":5}},"15":{"start":{"line":51,"column":4},"end":{"line":51,"column":56}},"16":{"start":{"line":52,"column":4},"end":{"line":52,"column":23}},"17":{"start":{"line":56,"column":17},"end":{"line":56,"column":44}},"18":{"start":{"line":57,"column":4},"end":{"line":57,"column":45}},"19":{"start":{"line":57,"column":38},"end":{"line":57,"column":45}},"20":{"start":{"line":60,"column":20},"end":{"line":60,"column":51}},"21":{"start":{"line":61,"column":20},"end":{"line":61,"column":41}},"22":{"start":{"line":62,"column":4},"end":{"line":62,"column":26}},"23":{"start":{"line":65,"column":23},"end":{"line":65,"column":61}},"24":{"start":{"line":66,"column":4},"end":{"line":66,"column":29}},"25":{"start":{"line":68,"column":4},"end":{"line":73,"column":7}},"26":{"start":{"line":75,"column":4},"end":{"line":130,"column":5}},"27":{"start":{"line":77,"column":18},"end":{"line":77,"column":60}},"28":{"start":{"line":78,"column":27},"end":{"line":91,"column":13}},"29":{"start":{"line":93,"column":23},"end":{"line":97,"column":7}},"30":{"start":{"line":96,"column":31},"end":{"line":96,"column":43}},"31":{"start":{"line":99,"column":25},"end":{"line":99,"column":53}},"32":{"start":{"line":100,"column":21},"end":{"line":100,"column":50}},"33":{"start":{"line":103,"column":25},"end":{"line":103,"column":72}},"34":{"start":{"line":103,"column":59},"end":{"line":103,"column":71}},"35":{"start":{"line":105,"column":20},"end":{"line":110,"column":7}},"36":{"start":{"line":112,"column":6},"end":{"line":112,"column":29}},"37":{"start":{"line":114,"column":6},"end":{"line":119,"column":9}},"38":{"start":{"line":122,"column":6},"end":{"line":122,"column":25}},"39":{"start":{"line":123,"column":25},"end":{"line":123,"column":72}},"40":{"start":{"line":123,"column":59},"end":{"line":123,"column":71}},"41":{"start":{"line":124,"column":6},"end":{"line":124,"column":74}},"42":{"start":{"line":125,"column":6},"end":{"line":129,"column":9}},"43":{"start":{"line":134,"column":18},"end":{"line":134,"column":52}},"44":{"start":{"line":135,"column":19},"end":{"line":135,"column":54}},"45":{"start":{"line":138,"column":16},"end":{"line":138,"column":65}},"46":{"start":{"line":140,"column":4},"end":{"line":140,"column":54}},"47":{"start":{"line":141,"column":4},"end":{"line":141,"column":28}},"48":{"start":{"line":144,"column":4},"end":{"line":144,"column":66}},"49":{"start":{"line":148,"column":4},"end":{"line":148,"column":51}},"50":{"start":{"line":149,"column":4},"end":{"line":149,"column":24}},"51":{"start":{"line":150,"column":4},"end":{"line":150,"column":52}}},"fnMap":{"0":{"name":"(anonymous_0)","decl":{"start":{"line":19,"column":2},"end":{"line":19,"column":3}},"loc":{"start":{"line":19,"column":11},"end":{"line":26,"column":3}},"line":19},"1":{"name":"(anonymous_1)","decl":{"start":{"line":28,"column":2},"end":{"line":28,"column":3}},"loc":{"start":{"line":28,"column":21},"end":{"line":31,"column":3}},"line":28},"2":{"name":"(anonymous_2)","decl":{"start":{"line":33,"column":2},"end":{"line":33,"column":3}},"loc":{"start":{"line":33,"column":17},"end":{"line":35,"column":3}},"line":33},"3":{"name":"(anonymous_3)","decl":{"start":{"line":37,"column":2},"end":{"line":37,"column":3}},"loc":{"start":{"line":37,"column":18},"end":{"line":41,"column":3}},"line":37},"4":{"name":"(anonymous_4)","decl":{"start":{"line":43,"column":2},"end":{"line":43,"column":3}},"loc":{"start":{"line":43,"column":21},"end":{"line":53,"column":3}},"line":43},"5":{"name":"(anonymous_5)","decl":{"start":{"line":55,"column":2},"end":{"line":55,"column":3}},"loc":{"start":{"line":55,"column":22},"end":{"line":131,"column":3}},"line":55},"6":{"name":"(anonymous_6)","decl":{"start":{"line":96,"column":26},"end":{"line":96,"column":27}},"loc":{"start":{"line":96,"column":31},"end":{"line":96,"column":43}},"line":96},"7":{"name":"(anonymous_7)","decl":{"start":{"line":103,"column":54},"end":{"line":103,"column":55}},"loc":{"start":{"line":103,"column":59},"end":{"line":103,"column":71}},"line":103},"8":{"name":"(anonymous_8)","decl":{"start":{"line":123,"column":54},"end":{"line":123,"column":55}},"loc":{"start":{"line":123,"column":59},"end":{"line":123,"column":71}},"line":123},"9":{"name":"(anonymous_9)","decl":{"start":{"line":134,"column":2},"end":{"line":134,"column":3}},"loc":{"start":{"line":134,"column":16},"end":{"line":134,"column":54}},"line":134},"10":{"name":"(anonymous_10)","decl":{"start":{"line":135,"column":2},"end":{"line":135,"column":3}},"loc":{"start":{"line":135,"column":17},"end":{"line":135,"column":56}},"line":135},"11":{"name":"(anonymous_11)","decl":{"start":{"line":136,"column":2},"end":{"line":136,"column":3}},"loc":{"start":{"line":136,"column":13},"end":{"line":136,"column":15}},"line":136},"12":{"name":"(anonymous_12)","decl":{"start":{"line":138,"column":2},"end":{"line":138,"column":3}},"loc":{"start":{"line":138,"column":14},"end":{"line":138,"column":67}},"line":138},"13":{"name":"(anonymous_13)","decl":{"start":{"line":139,"column":2},"end":{"line":139,"column":3}},"loc":{"start":{"line":139,"column":14},"end":{"line":142,"column":3}},"line":139},"14":{"name":"(anonymous_14)","decl":{"start":{"line":143,"column":2},"end":{"line":143,"column":3}},"loc":{"start":{"line":143,"column":15},"end":{"line":145,"column":3}},"line":143},"15":{"name":"(anonymous_15)","decl":{"start":{"line":147,"column":2},"end":{"line":147,"column":3}},"loc":{"start":{"line":147,"column":16},"end":{"line":153,"column":3}},"line":147}},"branchMap":{"0":{"loc":{"start":{"line":51,"column":31},"end":{"line":51,"column":52}},"type":"binary-expr","locations":[{"start":{"line":51,"column":31},"end":{"line":51,"column":44}},{"start":{"line":51,"column":48},"end":{"line":51,"column":52}}],"line":51},"1":{"loc":{"start":{"line":57,"column":4},"end":{"line":57,"column":45}},"type":"if","locations":[{"start":{"line":57,"column":4},"end":{"line":57,"column":45}},{"start":{},"end":{}}],"line":57},"2":{"loc":{"start":{"line":57,"column":8},"end":{"line":57,"column":36}},"type":"binary-expr","locations":[{"start":{"line":57,"column":8},"end":{"line":57,"column":13}},{"start":{"line":57,"column":17},"end":{"line":57,"column":36}}],"line":57},"3":{"loc":{"start":{"line":107,"column":15},"end":{"line":107,"column":50}},"type":"binary-expr","locations":[{"start":{"line":107,"column":15},"end":{"line":107,"column":27}},{"start":{"line":107,"column":31},"end":{"line":107,"column":50}}],"line":107},"4":{"loc":{"start":{"line":117,"column":21},"end":{"line":117,"column":117}},"type":"cond-expr","locations":[{"start":{"line":117,"column":75},"end":{"line":117,"column":93}},{"start":{"line":117,"column":96},"end":{"line":117,"column":117}}],"line":117},"5":{"loc":{"start":{"line":117,"column":21},"end":{"line":117,"column":72}},"type":"binary-expr","locations":[{"start":{"line":117,"column":21},"end":{"line":117,"column":39}},{"start":{"line":117,"column":43},"end":{"line":117,"column":72}}],"line":117}},"s":{"0":0,"1":0,"2":0,"3":0,"4":0,"5":0,"6":0,"7":0,"8":0,"9":0,"10":0,"11":0,"12":0,"13":0,"14":0,"15":0,"16":0,"17":0,"18":0,"19":0,"20":0,"21":0,"22":0,"23":0,"24":0,"25":0,"26":0,"27":0,"28":0,"29":0,"30":0,"31":0,"32":0,"33":0,"34":0,"35":0,"36":0,"37":0,"38":0,"39":0,"40":0,"41":0,"42":0,"43":0,"44":0,"45":0,"46":0,"47":0,"48":0,"49":0,"50":0,"51":0},"f":{"0":0,"1":0,"2":0,"3":0,"4":0,"5":0,"6":0,"7":0,"8":0,"9":0,"10":0,"11":0,"12":0,"13":0,"14":0,"15":0},"b":{"0":[0,0],"1":[0,0],"2":[0,0],"3":[0,0],"4":[0,0],"5":[0,0]}}
,"/Users/silas/Desktop/baby care/miniprogram/utils/api.js": {"path":"/Users/silas/Desktop/baby care/miniprogram/utils/api.js","statementMap":{"0":{"start":{"line":1,"column":16},"end":{"line":1,"column":91}},"1":{"start":{"line":2,"column":16},"end":{"line":2,"column":63}},"2":{"start":{"line":4,"column":19},"end":{"line":4,"column":68}},"3":{"start":{"line":7,"column":2},"end":{"line":33,"column":5}},"4":{"start":{"line":8,"column":4},"end":{"line":32,"column":7}},"5":{"start":{"line":23,"column":8},"end":{"line":27,"column":9}},"6":{"start":{"line":24,"column":10},"end":{"line":24,"column":55}},"7":{"start":{"line":26,"column":10},"end":{"line":26,"column":87}},"8":{"start":{"line":30,"column":8},"end":{"line":30,"column":20}},"9":{"start":{"line":38,"column":2},"end":{"line":95,"column":3}},"10":{"start":{"line":39,"column":4},"end":{"line":39,"column":27}},"11":{"start":{"line":42,"column":19},"end":{"line":42,"column":104}},"12":{"start":{"line":48,"column":4},"end":{"line":94,"column":5}},"13":{"start":{"line":49,"column":6},"end":{"line":49,"column":34}},"14":{"start":{"line":57,"column":6},"end":{"line":57,"column":75}},"15":{"start":{"line":60,"column":18},"end":{"line":60,"column":21}},"16":{"start":{"line":61,"column":19},"end":{"line":61,"column":25}},"17":{"start":{"line":62,"column":20},"end":{"line":62,"column":24}},"18":{"start":{"line":63,"column":24},"end":{"line":63,"column":26}},"19":{"start":{"line":65,"column":25},"end":{"line":65,"column":67}},"20":{"start":{"line":66,"column":6},"end":{"line":74,"column":7}},"21":{"start":{"line":66,"column":22},"end":{"line":66,"column":44}},"22":{"start":{"line":69,"column":9},"end":{"line":73,"column":10}},"23":{"start":{"line":72,"column":13},"end":{"line":72,"column":25}},"24":{"start":{"line":76,"column":6},"end":{"line":78,"column":7}},"25":{"start":{"line":77,"column":8},"end":{"line":77,"column":23}},"26":{"start":{"line":81,"column":24},"end":{"line":81,"column":67}},"27":{"start":{"line":82,"column":6},"end":{"line":86,"column":7}},"28":{"start":{"line":83,"column":10},"end":{"line":85,"column":24}},"29":{"start":{"line":84,"column":14},"end":{"line":84,"column":60}},"30":{"start":{"line":88,"column":6},"end":{"line":93,"column":8}},"31":{"start":{"line":98,"column":0},"end":{"line":101,"column":1}}},"fnMap":{"0":{"name":"sendChat","decl":{"start":{"line":6,"column":9},"end":{"line":6,"column":17}},"loc":{"start":{"line":6,"column":28},"end":{"line":34,"column":1}},"line":6},"1":{"name":"(anonymous_1)","decl":{"start":{"line":7,"column":21},"end":{"line":7,"column":22}},"loc":{"start":{"line":7,"column":42},"end":{"line":33,"column":3}},"line":7},"2":{"name":"(anonymous_2)","decl":{"start":{"line":22,"column":15},"end":{"line":22,"column":16}},"loc":{"start":{"line":22,"column":24},"end":{"line":28,"column":7}},"line":22},"3":{"name":"(anonymous_3)","decl":{"start":{"line":29,"column":12},"end":{"line":29,"column":13}},"loc":{"start":{"line":29,"column":21},"end":{"line":31,"column":7}},"line":29},"4":{"name":"safeParseJSON","decl":{"start":{"line":37,"column":9},"end":{"line":37,"column":22}},"loc":{"start":{"line":37,"column":28},"end":{"line":96,"column":1}},"line":37}},"branchMap":{"0":{"loc":{"start":{"line":23,"column":8},"end":{"line":27,"column":9}},"type":"if","locations":[{"start":{"line":23,"column":8},"end":{"line":27,"column":9}},{"start":{"line":25,"column":15},"end":{"line":27,"column":9}}],"line":23},"1":{"loc":{"start":{"line":23,"column":12},"end":{"line":23,"column":66}},"type":"binary-expr","locations":[{"start":{"line":23,"column":12},"end":{"line":23,"column":34}},{"start":{"line":23,"column":38},"end":{"line":23,"column":46}},{"start":{"line":23,"column":50},"end":{"line":23,"column":66}}],"line":23},"2":{"loc":{"start":{"line":26,"column":27},"end":{"line":26,"column":84}},"type":"cond-expr","locations":[{"start":{"line":26,"column":44},"end":{"line":26,"column":66}},{"start":{"line":26,"column":69},"end":{"line":26,"column":84}}],"line":26},"3":{"loc":{"start":{"line":66,"column":6},"end":{"line":74,"column":7}},"type":"if","locations":[{"start":{"line":66,"column":6},"end":{"line":74,"column":7}},{"start":{"line":67,"column":11},"end":{"line":74,"column":7}}],"line":66},"4":{"loc":{"start":{"line":69,"column":9},"end":{"line":73,"column":10}},"type":"if","locations":[{"start":{"line":69,"column":9},"end":{"line":73,"column":10}},{"start":{"line":71,"column":16},"end":{"line":73,"column":10}}],"line":69},"5":{"loc":{"start":{"line":69,"column":13},"end":{"line":69,"column":67}},"type":"binary-expr","locations":[{"start":{"line":69,"column":13},"end":{"line":69,"column":39}},{"start":{"line":69,"column":43},"end":{"line":69,"column":67}}],"line":69},"6":{"loc":{"start":{"line":76,"column":6},"end":{"line":78,"column":7}},"type":"if","locations":[{"start":{"line":76,"column":6},"end":{"line":78,"column":7}},{"start":{},"end":{}}],"line":76},"7":{"loc":{"start":{"line":76,"column":10},"end":{"line":76,"column":75}},"type":"binary-expr","locations":[{"start":{"line":76,"column":10},"end":{"line":76,"column":41}},{"start":{"line":76,"column":45},"end":{"line":76,"column":75}}],"line":76},"8":{"loc":{"start":{"line":82,"column":6},"end":{"line":86,"column":7}},"type":"if","locations":[{"start":{"line":82,"column":6},"end":{"line":86,"column":7}},{"start":{},"end":{}}],"line":82}},"s":{"0":1,"1":1,"2":1,"3":1,"4":1,"5":1,"6":1,"7":0,"8":0,"9":2,"10":2,"11":2,"12":2,"13":2,"14":1,"15":1,"16":1,"17":1,"18":1,"19":1,"20":1,"21":1,"22":0,"23":0,"24":1,"25":1,"26":1,"27":1,"28":0,"29":0,"30":1,"31":1},"f":{"0":1,"1":1,"2":1,"3":0,"4":2},"b":{"0":[1,0],"1":[1,1,1],"2":[0,0],"3":[1,0],"4":[0,0],"5":[0,0],"6":[1,0],"7":[1,0],"8":[0,1]},"_coverageSchema":"1a1c01bbd47fc00a2c39e90264f33305004495a9","hash":"9fa4d24213c472d3866cfb2e8e1334e207308932"}
,"/Users/silas/Desktop/baby care/miniprogram/utils/util.js": {"path":"/Users/silas/Desktop/baby care/miniprogram/utils/util.js","statementMap":{"0":{"start":{"line":1,"column":19},"end":{"line":10,"column":1}},"1":{"start":{"line":2,"column":15},"end":{"line":2,"column":33}},"2":{"start":{"line":3,"column":16},"end":{"line":3,"column":35}},"3":{"start":{"line":4,"column":14},"end":{"line":4,"column":28}},"4":{"start":{"line":5,"column":15},"end":{"line":5,"column":30}},"5":{"start":{"line":6,"column":17},"end":{"line":6,"column":34}},"6":{"start":{"line":7,"column":17},"end":{"line":7,"column":34}},"7":{"start":{"line":9,"column":2},"end":{"line":9,"column":114}},"8":{"start":{"line":12,"column":21},"end":{"line":15,"column":1}},"9":{"start":{"line":13,"column":2},"end":{"line":13,"column":18}},"10":{"start":{"line":14,"column":2},"end":{"line":14,"column":27}},"11":{"start":{"line":18,"column":2},"end":{"line":18,"column":29}},"12":{"start":{"line":18,"column":17},"end":{"line":18,"column":29}},"13":{"start":{"line":19,"column":16},"end":{"line":19,"column":34}},"14":{"start":{"line":20,"column":14},"end":{"line":20,"column":24}},"15":{"start":{"line":21,"column":15},"end":{"line":21,"column":99}},"16":{"start":{"line":22,"column":13},"end":{"line":22,"column":44}},"17":{"start":{"line":23,"column":2},"end":{"line":26,"column":3}},"18":{"start":{"line":24,"column":4},"end":{"line":24,"column":13}},"19":{"start":{"line":25,"column":4},"end":{"line":25,"column":15}},"20":{"start":{"line":27,"column":2},"end":{"line":27,"column":31}},"21":{"start":{"line":27,"column":18},"end":{"line":27,"column":31}},"22":{"start":{"line":28,"column":2},"end":{"line":28,"column":48}},"23":{"start":{"line":28,"column":19},"end":{"line":28,"column":48}},"24":{"start":{"line":29,"column":2},"end":{"line":29,"column":55}},"25":{"start":{"line":32,"column":0},"end":{"line":35,"column":1}}},"fnMap":{"0":{"name":"(anonymous_0)","decl":{"start":{"line":1,"column":19},"end":{"line":1,"column":20}},"loc":{"start":{"line":1,"column":27},"end":{"line":10,"column":1}},"line":1},"1":{"name":"(anonymous_1)","decl":{"start":{"line":12,"column":21},"end":{"line":12,"column":22}},"loc":{"start":{"line":12,"column":26},"end":{"line":15,"column":1}},"line":12},"2":{"name":"calculateAge","decl":{"start":{"line":17,"column":9},"end":{"line":17,"column":21}},"loc":{"start":{"line":17,"column":32},"end":{"line":30,"column":1}},"line":17}},"branchMap":{"0":{"loc":{"start":{"line":14,"column":9},"end":{"line":14,"column":27}},"type":"cond-expr","locations":[{"start":{"line":14,"column":16},"end":{"line":14,"column":17}},{"start":{"line":14,"column":20},"end":{"line":14,"column":27}}],"line":14},"1":{"loc":{"start":{"line":18,"column":2},"end":{"line":18,"column":29}},"type":"if","locations":[{"start":{"line":18,"column":2},"end":{"line":18,"column":29}},{"start":{},"end":{}}],"line":18},"2":{"loc":{"start":{"line":23,"column":2},"end":{"line":26,"column":3}},"type":"if","locations":[{"start":{"line":23,"column":2},"end":{"line":26,"column":3}},{"start":{},"end":{}}],"line":23},"3":{"loc":{"start":{"line":27,"column":2},"end":{"line":27,"column":31}},"type":"if","locations":[{"start":{"line":27,"column":2},"end":{"line":27,"column":31}},{"start":{},"end":{}}],"line":27},"4":{"loc":{"start":{"line":28,"column":2},"end":{"line":28,"column":48}},"type":"if","locations":[{"start":{"line":28,"column":2},"end":{"line":28,"column":48}},{"start":{},"end":{}}],"line":28}},"s":{"0":1,"1":0,"2":0,"3":0,"4":0,"5":0,"6":0,"7":0,"8":1,"9":0,"10":0,"11":3,"12":0,"13":3,"14":3,"15":3,"16":3,"17":3,"18":0,"19":0,"20":3,"21":1,"22":2,"23":1,"24":1,"25":1},"f":{"0":0,"1":0,"2":3},"b":{"0":[0,0],"1":[0,3],"2":[0,3],"3":[1,2],"4":[1,1]},"_coverageSchema":"1a1c01bbd47fc00a2c39e90264f33305004495a9","hash":"6c8e278bc31b6a835f0ad13382f9f1e89880fc53"}
}
