TN:
SF:miniprogram/components/sop-wizard/sop-wizard.js
FN:7,(anonymous_0)
FN:24,(anonymous_1)
FN:31,(anonymous_2)
FN:37,(anonymous_3)
FN:46,(anonymous_4)
FN:54,(anonymous_5)
FNF:6
FNH:0
FNDA:0,(anonymous_0)
FNDA:0,(anonymous_1)
FNDA:0,(anonymous_2)
FNDA:0,(anonymous_3)
FNDA:0,(anonymous_4)
FNDA:0,(anonymous_5)
DA:2,0
DA:8,0
DA:9,0
DA:25,0
DA:26,0
DA:27,0
DA:28,0
DA:34,0
DA:38,0
DA:39,0
DA:40,0
DA:42,0
DA:47,0
DA:48,0
DA:50,0
DA:55,0
LF:16
LH:0
BRDA:8,0,0,0
BRDA:8,0,1,0
BRDA:8,1,0,0
BRDA:8,1,1,0
BRDA:39,2,0,0
BRDA:39,2,1,0
BRDA:47,3,0,0
BRDA:47,3,1,0
BRF:8
BRH:0
end_of_record
TN:
SF:miniprogram/pages/index/index.js
FN:19,(anonymous_0)
FN:28,(anonymous_1)
FN:33,(anonymous_2)
FN:37,(anonymous_3)
FN:43,(anonymous_4)
FN:55,(anonymous_5)
FN:96,(anonymous_6)
FN:103,(anonymous_7)
FN:123,(anonymous_8)
FN:134,(anonymous_9)
FN:135,(anonymous_10)
FN:136,(anonymous_11)
FN:138,(anonymous_12)
FN:139,(anonymous_13)
FN:143,(anonymous_14)
FN:147,(anonymous_15)
FNF:16
FNH:0
FNDA:0,(anonymous_0)
FNDA:0,(anonymous_1)
FNDA:0,(anonymous_2)
FNDA:0,(anonymous_3)
FNDA:0,(anonymous_4)
FNDA:0,(anonymous_5)
FNDA:0,(anonymous_6)
FNDA:0,(anonymous_7)
FNDA:0,(anonymous_8)
FNDA:0,(anonymous_9)
FNDA:0,(anonymous_10)
FNDA:0,(anonymous_11)
FNDA:0,(anonymous_12)
FNDA:0,(anonymous_13)
FNDA:0,(anonymous_14)
FNDA:0,(anonymous_15)
DA:2,0
DA:3,0
DA:4,0
DA:6,0
DA:20,0
DA:21,0
DA:25,0
DA:29,0
DA:30,0
DA:34,0
DA:38,0
DA:39,0
DA:40,0
DA:44,0
DA:45,0
DA:51,0
DA:52,0
DA:56,0
DA:57,0
DA:60,0
DA:61,0
DA:62,0
DA:65,0
DA:66,0
DA:68,0
DA:75,0
DA:77,0
DA:78,0
DA:93,0
DA:96,0
DA:99,0
DA:100,0
DA:103,0
DA:105,0
DA:112,0
DA:114,0
DA:122,0
DA:123,0
DA:124,0
DA:125,0
DA:134,0
DA:135,0
DA:138,0
DA:140,0
DA:141,0
DA:144,0
DA:148,0
DA:149,0
DA:150,0
LF:49
LH:0
BRDA:51,0,0,0
BRDA:51,0,1,0
BRDA:57,1,0,0
BRDA:57,1,1,0
BRDA:57,2,0,0
BRDA:57,2,1,0
BRDA:107,3,0,0
BRDA:107,3,1,0
BRDA:117,4,0,0
BRDA:117,4,1,0
BRDA:117,5,0,0
BRDA:117,5,1,0
BRF:12
BRH:0
end_of_record
TN:
SF:miniprogram/utils/api.js
FN:6,sendChat
FN:7,(anonymous_1)
FN:22,(anonymous_2)
FN:29,(anonymous_3)
FN:37,safeParseJSON
FNF:5
FNH:4
FNDA:1,sendChat
FNDA:1,(anonymous_1)
FNDA:1,(anonymous_2)
FNDA:0,(anonymous_3)
FNDA:2,safeParseJSON
DA:1,1
DA:2,1
DA:4,1
DA:7,1
DA:8,1
DA:23,1
DA:24,1
DA:26,0
DA:30,0
DA:38,2
DA:39,2
DA:42,2
DA:48,2
DA:49,2
DA:57,1
DA:60,1
DA:61,1
DA:62,1
DA:63,1
DA:65,1
DA:66,1
DA:69,0
DA:72,0
DA:76,1
DA:77,1
DA:81,1
DA:82,1
DA:83,0
DA:84,0
DA:88,1
DA:98,1
LF:31
LH:25
BRDA:23,0,0,1
BRDA:23,0,1,0
BRDA:23,1,0,1
BRDA:23,1,1,1
BRDA:23,1,2,1
BRDA:26,2,0,0
BRDA:26,2,1,0
BRDA:66,3,0,1
BRDA:66,3,1,0
BRDA:69,4,0,0
BRDA:69,4,1,0
BRDA:69,5,0,0
BRDA:69,5,1,0
BRDA:76,6,0,1
BRDA:76,6,1,0
BRDA:76,7,0,1
BRDA:76,7,1,0
BRDA:82,8,0,0
BRDA:82,8,1,1
BRF:19
BRH:8
end_of_record
TN:
SF:miniprogram/utils/util.js
FN:1,(anonymous_0)
FN:12,(anonymous_1)
FN:17,calculateAge
FNF:3
FNH:1
FNDA:0,(anonymous_0)
FNDA:0,(anonymous_1)
FNDA:3,calculateAge
DA:1,1
DA:2,0
DA:3,0
DA:4,0
DA:5,0
DA:6,0
DA:7,0
DA:9,0
DA:12,1
DA:13,0
DA:14,0
DA:18,3
DA:19,3
DA:20,3
DA:21,3
DA:22,3
DA:23,3
DA:24,0
DA:25,0
DA:27,3
DA:28,2
DA:29,1
DA:32,1
LF:23
LH:12
BRDA:14,0,0,0
BRDA:14,0,1,0
BRDA:18,1,0,0
BRDA:18,1,1,3
BRDA:23,2,0,0
BRDA:23,2,1,3
BRDA:27,3,0,1
BRDA:27,3,1,2
BRDA:28,4,0,1
BRDA:28,4,1,1
BRF:10
BRH:6
end_of_record
